<?xml version="1.0" encoding="UTF-8"?>
<!DOCTYPE coverage SYSTEM "http://cobertura.sourceforge.net/xml/coverage-04.dtd">
<coverage line-rate="0.98717948717949" branch-rate="0" lines-covered="77" lines-valid="78" branches-covered="0" branches-valid="0" complexity="36" version="0.4" timestamp="1695247429">
  <sources>
    <source>/home/runner/work/shell-var-lint/shell-var-lint</source>
  </sources>
  <packages>
    <package name="shell-var-lint" line-rate="0.98717948717949" branch-rate="0" complexity="36">
      <classes>
        <class name="shell-var-lint" filename="shell-var-lint" line-rate="0.98717948717949" branch-rate="0" complexity="36">
          <methods>
            <method name="main" signature="main(array $argv, int $argc): void" line-rate="0.96774193548387" branch-rate="0" complexity="16">
              <lines>
                <line number="41" hits="8"/>
                <line number="43" hits="8"/>
                <line number="44" hits="1"/>
                <line number="46" hits="1"/>
                <line number="49" hits="7"/>
                <line number="51" hits="7"/>
                <line number="52" hits="2"/>
                <line number="55" hits="5"/>
                <line number="56" hits="1"/>
                <line number="59" hits="4"/>
                <line number="61" hits="4"/>
                <line number="63" hits="4"/>
                <line number="64" hits="0"/>
                <line number="67" hits="4"/>
                <line number="68" hits="4"/>
                <line number="69" hits="4"/>
                <line number="70" hits="4"/>
                <line number="71" hits="4"/>
                <line number="73" hits="4"/>
                <line number="74" hits="2"/>
                <line number="75" hits="1"/>
                <line number="76" hits="1"/>
                <line number="79" hits="1"/>
                <line number="80" hits="1"/>
                <line number="82" hits="2"/>
                <line number="85" hits="4"/>
                <line number="88" hits="4"/>
                <line number="89" hits="1"/>
                <line number="90" hits="1"/>
                <line number="93" hits="4"/>
                <line number="94" hits="1"/>
              </lines>
            </method>
            <method name="process_line" signature="process_line(string $line): string" line-rate="1" branch-rate="0" complexity="6">
              <lines>
                <line number="112" hits="72"/>
                <line number="113" hits="1"/>
                <line number="116" hits="71"/>
                <line number="117" hits="8"/>
                <line number="121" hits="63"/>
                <line number="122" hits="31"/>
                <line number="123" hits="31"/>
                <line number="126" hits="31"/>
                <line number="127" hits="28"/>
                <line number="130" hits="31"/>
                <line number="131" hits="63"/>
                <line number="133" hits="63"/>
              </lines>
            </method>
            <method name="is_interpolation" signature="is_interpolation(string $line, int $pos): bool" line-rate="1" branch-rate="0" complexity="11">
              <lines>
                <line number="154" hits="44"/>
                <line number="156" hits="44"/>
                <line number="157" hits="44"/>
                <line number="159" hits="44"/>
                <line number="160" hits="1"/>
                <line number="164" hits="43"/>
                <line number="165" hits="43"/>
                <line number="166" hits="43"/>
                <line number="167" hits="41"/>
                <line number="168" hits="41"/>
                <line number="172" hits="43"/>
                <line number="173" hits="43"/>
                <line number="175" hits="43"/>
                <line number="176" hits="18"/>
                <line number="177" hits="9"/>
                <line number="181" hits="34"/>
                <line number="183" hits="23"/>
                <line number="185" hits="12"/>
                <line number="186" hits="6"/>
                <line number="189" hits="6"/>
                <line number="193" hits="11"/>
                <line number="194" hits="6"/>
                <line number="197" hits="5"/>
                <line number="201" hits="11"/>
              </lines>
            </method>
            <method name="print_help" signature="print_help(): void" line-rate="1" branch-rate="0" complexity="1">
              <lines>
                <line number="208" hits="1"/>
                <line number="209" hits="1"/>
                <line number="210" hits="1"/>
                <line number="221" hits="1"/>
                <line number="223" hits="1"/>
                <line number="224" hits="1"/>
              </lines>
            </method>
            <method name="verbose" signature="verbose(string $string, $args): array" line-rate="1" branch-rate="0" complexity="2">
              <lines>
                <line number="240" hits="5"/>
                <line number="242" hits="5"/>
                <line number="243" hits="5"/>
                <line number="244" hits="5"/>
                <line number="250" hits="5"/>
              </lines>
            </method>
          </methods>
          <lines>
            <line number="41" hits="8"/>
            <line number="43" hits="8"/>
            <line number="44" hits="1"/>
            <line number="46" hits="1"/>
            <line number="49" hits="7"/>
            <line number="51" hits="7"/>
            <line number="52" hits="2"/>
            <line number="55" hits="5"/>
            <line number="56" hits="1"/>
            <line number="59" hits="4"/>
            <line number="61" hits="4"/>
            <line number="63" hits="4"/>
            <line number="64" hits="0"/>
            <line number="67" hits="4"/>
            <line number="68" hits="4"/>
            <line number="69" hits="4"/>
            <line number="70" hits="4"/>
            <line number="71" hits="4"/>
            <line number="73" hits="4"/>
            <line number="74" hits="2"/>
            <line number="75" hits="1"/>
            <line number="76" hits="1"/>
            <line number="79" hits="1"/>
            <line number="80" hits="1"/>
            <line number="82" hits="2"/>
            <line number="85" hits="4"/>
            <line number="88" hits="4"/>
            <line number="89" hits="1"/>
            <line number="90" hits="1"/>
            <line number="93" hits="4"/>
            <line number="94" hits="1"/>
            <line number="112" hits="72"/>
            <line number="113" hits="1"/>
            <line number="116" hits="71"/>
            <line number="117" hits="8"/>
            <line number="121" hits="63"/>
            <line number="122" hits="31"/>
            <line number="123" hits="31"/>
            <line number="126" hits="31"/>
            <line number="127" hits="28"/>
            <line number="130" hits="31"/>
            <line number="131" hits="63"/>
            <line number="133" hits="63"/>
            <line number="154" hits="44"/>
            <line number="156" hits="44"/>
            <line number="157" hits="44"/>
            <line number="159" hits="44"/>
            <line number="160" hits="1"/>
            <line number="164" hits="43"/>
            <line number="165" hits="43"/>
            <line number="166" hits="43"/>
            <line number="167" hits="41"/>
            <line number="168" hits="41"/>
            <line number="172" hits="43"/>
            <line number="173" hits="43"/>
            <line number="175" hits="43"/>
            <line number="176" hits="18"/>
            <line number="177" hits="9"/>
            <line number="181" hits="34"/>
            <line number="183" hits="23"/>
            <line number="185" hits="12"/>
            <line number="186" hits="6"/>
            <line number="189" hits="6"/>
            <line number="193" hits="11"/>
            <line number="194" hits="6"/>
            <line number="197" hits="5"/>
            <line number="201" hits="11"/>
            <line number="208" hits="1"/>
            <line number="209" hits="1"/>
            <line number="210" hits="1"/>
            <line number="221" hits="1"/>
            <line number="223" hits="1"/>
            <line number="224" hits="1"/>
            <line number="240" hits="5"/>
            <line number="242" hits="5"/>
            <line number="243" hits="5"/>
            <line number="244" hits="5"/>
            <line number="250" hits="5"/>
          </lines>
        </class>
      </classes>
    </package>
  </packages>
</coverage>
