<?xml version="1.0" encoding="UTF-8"?>
<!DOCTYPE coverage SYSTEM "http://cobertura.sourceforge.net/xml/coverage-04.dtd">
<coverage line-rate="1" branch-rate="0" lines-covered="76" lines-valid="76" branches-covered="0" branches-valid="0" complexity="35" version="0.4" timestamp="1695260998">
  <sources>
    <source>/home/runner/work/shell-var-lint/shell-var-lint</source>
  </sources>
  <packages>
    <package name="shell-var-lint" line-rate="1" branch-rate="0" complexity="35">
      <classes>
        <class name="shell-var-lint" filename="shell-var-lint" line-rate="1" branch-rate="0" complexity="35">
          <methods>
            <method name="main" signature="main(array $argv, int $argc): void" line-rate="1" branch-rate="0" complexity="15">
              <lines>
                <line number="41" hits="8"/>
                <line number="43" hits="8"/>
                <line number="44" hits="1"/>
                <line number="46" hits="1"/>
                <line number="49" hits="7"/>
                <line number="51" hits="7"/>
                <line number="52" hits="2"/>
                <line number="55" hits="5"/>
                <line number="56" hits="5"/>
                <line number="57" hits="1"/>
                <line number="60" hits="4"/>
                <line number="62" hits="4"/>
                <line number="63" hits="4"/>
                <line number="64" hits="4"/>
                <line number="65" hits="4"/>
                <line number="66" hits="4"/>
                <line number="68" hits="4"/>
                <line number="69" hits="2"/>
                <line number="70" hits="1"/>
                <line number="71" hits="1"/>
                <line number="74" hits="1"/>
                <line number="75" hits="1"/>
                <line number="77" hits="2"/>
                <line number="80" hits="4"/>
                <line number="83" hits="4"/>
                <line number="84" hits="1"/>
                <line number="85" hits="1"/>
                <line number="88" hits="4"/>
                <line number="89" hits="1"/>
              </lines>
            </method>
            <method name="process_line" signature="process_line(string $line): string" line-rate="1" branch-rate="0" complexity="6">
              <lines>
                <line number="107" hits="72"/>
                <line number="108" hits="1"/>
                <line number="111" hits="71"/>
                <line number="112" hits="8"/>
                <line number="116" hits="63"/>
                <line number="117" hits="31"/>
                <line number="118" hits="31"/>
                <line number="121" hits="31"/>
                <line number="122" hits="28"/>
                <line number="125" hits="31"/>
                <line number="126" hits="63"/>
                <line number="128" hits="63"/>
              </lines>
            </method>
            <method name="is_interpolation" signature="is_interpolation(string $line, int $pos): bool" line-rate="1" branch-rate="0" complexity="11">
              <lines>
                <line number="149" hits="44"/>
                <line number="151" hits="44"/>
                <line number="152" hits="44"/>
                <line number="154" hits="44"/>
                <line number="155" hits="1"/>
                <line number="159" hits="43"/>
                <line number="160" hits="43"/>
                <line number="161" hits="43"/>
                <line number="162" hits="41"/>
                <line number="163" hits="41"/>
                <line number="167" hits="43"/>
                <line number="168" hits="43"/>
                <line number="170" hits="43"/>
                <line number="171" hits="18"/>
                <line number="172" hits="9"/>
                <line number="176" hits="34"/>
                <line number="178" hits="23"/>
                <line number="180" hits="12"/>
                <line number="181" hits="6"/>
                <line number="184" hits="6"/>
                <line number="188" hits="11"/>
                <line number="189" hits="6"/>
                <line number="192" hits="5"/>
                <line number="196" hits="11"/>
              </lines>
            </method>
            <method name="print_help" signature="print_help(): void" line-rate="1" branch-rate="0" complexity="1">
              <lines>
                <line number="203" hits="1"/>
                <line number="204" hits="1"/>
                <line number="205" hits="1"/>
                <line number="216" hits="1"/>
                <line number="218" hits="1"/>
                <line number="219" hits="1"/>
              </lines>
            </method>
            <method name="verbose" signature="verbose(string $string, $args): array" line-rate="1" branch-rate="0" complexity="2">
              <lines>
                <line number="235" hits="5"/>
                <line number="237" hits="5"/>
                <line number="238" hits="5"/>
                <line number="239" hits="5"/>
                <line number="245" hits="5"/>
              </lines>
            </method>
          </methods>
          <lines>
            <line number="41" hits="8"/>
            <line number="43" hits="8"/>
            <line number="44" hits="1"/>
            <line number="46" hits="1"/>
            <line number="49" hits="7"/>
            <line number="51" hits="7"/>
            <line number="52" hits="2"/>
            <line number="55" hits="5"/>
            <line number="56" hits="5"/>
            <line number="57" hits="1"/>
            <line number="60" hits="4"/>
            <line number="62" hits="4"/>
            <line number="63" hits="4"/>
            <line number="64" hits="4"/>
            <line number="65" hits="4"/>
            <line number="66" hits="4"/>
            <line number="68" hits="4"/>
            <line number="69" hits="2"/>
            <line number="70" hits="1"/>
            <line number="71" hits="1"/>
            <line number="74" hits="1"/>
            <line number="75" hits="1"/>
            <line number="77" hits="2"/>
            <line number="80" hits="4"/>
            <line number="83" hits="4"/>
            <line number="84" hits="1"/>
            <line number="85" hits="1"/>
            <line number="88" hits="4"/>
            <line number="89" hits="1"/>
            <line number="107" hits="72"/>
            <line number="108" hits="1"/>
            <line number="111" hits="71"/>
            <line number="112" hits="8"/>
            <line number="116" hits="63"/>
            <line number="117" hits="31"/>
            <line number="118" hits="31"/>
            <line number="121" hits="31"/>
            <line number="122" hits="28"/>
            <line number="125" hits="31"/>
            <line number="126" hits="63"/>
            <line number="128" hits="63"/>
            <line number="149" hits="44"/>
            <line number="151" hits="44"/>
            <line number="152" hits="44"/>
            <line number="154" hits="44"/>
            <line number="155" hits="1"/>
            <line number="159" hits="43"/>
            <line number="160" hits="43"/>
            <line number="161" hits="43"/>
            <line number="162" hits="41"/>
            <line number="163" hits="41"/>
            <line number="167" hits="43"/>
            <line number="168" hits="43"/>
            <line number="170" hits="43"/>
            <line number="171" hits="18"/>
            <line number="172" hits="9"/>
            <line number="176" hits="34"/>
            <line number="178" hits="23"/>
            <line number="180" hits="12"/>
            <line number="181" hits="6"/>
            <line number="184" hits="6"/>
            <line number="188" hits="11"/>
            <line number="189" hits="6"/>
            <line number="192" hits="5"/>
            <line number="196" hits="11"/>
            <line number="203" hits="1"/>
            <line number="204" hits="1"/>
            <line number="205" hits="1"/>
            <line number="216" hits="1"/>
            <line number="218" hits="1"/>
            <line number="219" hits="1"/>
            <line number="235" hits="5"/>
            <line number="237" hits="5"/>
            <line number="238" hits="5"/>
            <line number="239" hits="5"/>
            <line number="245" hits="5"/>
          </lines>
        </class>
      </classes>
    </package>
  </packages>
</coverage>
